

Started GET "/" for 127.0.0.1 at 2013-09-19 12:11:35 +0530
Processing by Rails::WelcomeController#index as HTML
  Rendered /home/strata/.rvm/gems/ruby-1.9.3-p125/gems/railties-4.0.0/lib/rails/templates/rails/welcome/index.html.erb (3.4ms)
Completed 200 OK in 88ms (Views: 38.4ms | ActiveRecord: 0.0ms)


Started GET "/static" for 127.0.0.1 at 2013-09-19 12:11:42 +0530

ActionController::RoutingError (No route matches [GET] "/static"):
  actionpack (4.0.0) lib/action_dispatch/middleware/debug_exceptions.rb:21:in `call'
  actionpack (4.0.0) lib/action_dispatch/middleware/show_exceptions.rb:30:in `call'
  railties (4.0.0) lib/rails/rack/logger.rb:38:in `call_app'
  railties (4.0.0) lib/rails/rack/logger.rb:21:in `block in call'
  activesupport (4.0.0) lib/active_support/tagged_logging.rb:67:in `block in tagged'
  activesupport (4.0.0) lib/active_support/tagged_logging.rb:25:in `tagged'
  activesupport (4.0.0) lib/active_support/tagged_logging.rb:67:in `tagged'
  railties (4.0.0) lib/rails/rack/logger.rb:21:in `call'
  actionpack (4.0.0) lib/action_dispatch/middleware/request_id.rb:21:in `call'
  rack (1.5.2) lib/rack/methodoverride.rb:21:in `call'
  rack (1.5.2) lib/rack/runtime.rb:17:in `call'
  activesupport (4.0.0) lib/active_support/cache/strategy/local_cache.rb:83:in `call'
  rack (1.5.2) lib/rack/lock.rb:17:in `call'
  actionpack (4.0.0) lib/action_dispatch/middleware/static.rb:64:in `call'
  railties (4.0.0) lib/rails/engine.rb:511:in `call'
  railties (4.0.0) lib/rails/application.rb:97:in `call'
  rack (1.5.2) lib/rack/lock.rb:17:in `call'
  rack (1.5.2) lib/rack/content_length.rb:14:in `call'
  rack (1.5.2) lib/rack/handler/webrick.rb:60:in `service'
  /home/strata/.rvm/rubies/ruby-1.9.3-p125/lib/ruby/1.9.1/webrick/httpserver.rb:138:in `service'
  /home/strata/.rvm/rubies/ruby-1.9.3-p125/lib/ruby/1.9.1/webrick/httpserver.rb:94:in `run'
  /home/strata/.rvm/rubies/ruby-1.9.3-p125/lib/ruby/1.9.1/webrick/server.rb:191:in `block in start_thread'


  Rendered /home/strata/.rvm/gems/ruby-1.9.3-p125/gems/actionpack-4.0.0/lib/action_dispatch/middleware/templates/rescues/_trace.erb (1.3ms)
  Rendered /home/strata/.rvm/gems/ruby-1.9.3-p125/gems/actionpack-4.0.0/lib/action_dispatch/middleware/templates/routes/_route.html.erb (1.1ms)
  Rendered /home/strata/.rvm/gems/ruby-1.9.3-p125/gems/actionpack-4.0.0/lib/action_dispatch/middleware/templates/routes/_table.html.erb (33.0ms)
  Rendered /home/strata/.rvm/gems/ruby-1.9.3-p125/gems/actionpack-4.0.0/lib/action_dispatch/middleware/templates/rescues/routing_error.erb within rescues/layout (57.9ms)


Started GET "/StaticPages" for 127.0.0.1 at 2013-09-19 12:12:15 +0530

ActionController::RoutingError (No route matches [GET] "/StaticPages"):
  actionpack (4.0.0) lib/action_dispatch/middleware/debug_exceptions.rb:21:in `call'
  actionpack (4.0.0) lib/action_dispatch/middleware/show_exceptions.rb:30:in `call'
  railties (4.0.0) lib/rails/rack/logger.rb:38:in `call_app'
  railties (4.0.0) lib/rails/rack/logger.rb:21:in `block in call'
  activesupport (4.0.0) lib/active_support/tagged_logging.rb:67:in `block in tagged'
  activesupport (4.0.0) lib/active_support/tagged_logging.rb:25:in `tagged'
  activesupport (4.0.0) lib/active_support/tagged_logging.rb:67:in `tagged'
  railties (4.0.0) lib/rails/rack/logger.rb:21:in `call'
  actionpack (4.0.0) lib/action_dispatch/middleware/request_id.rb:21:in `call'
  rack (1.5.2) lib/rack/methodoverride.rb:21:in `call'
  rack (1.5.2) lib/rack/runtime.rb:17:in `call'
  activesupport (4.0.0) lib/active_support/cache/strategy/local_cache.rb:83:in `call'
  rack (1.5.2) lib/rack/lock.rb:17:in `call'
  actionpack (4.0.0) lib/action_dispatch/middleware/static.rb:64:in `call'
  railties (4.0.0) lib/rails/engine.rb:511:in `call'
  railties (4.0.0) lib/rails/application.rb:97:in `call'
  rack (1.5.2) lib/rack/lock.rb:17:in `call'
  rack (1.5.2) lib/rack/content_length.rb:14:in `call'
  rack (1.5.2) lib/rack/handler/webrick.rb:60:in `service'
  /home/strata/.rvm/rubies/ruby-1.9.3-p125/lib/ruby/1.9.1/webrick/httpserver.rb:138:in `service'
  /home/strata/.rvm/rubies/ruby-1.9.3-p125/lib/ruby/1.9.1/webrick/httpserver.rb:94:in `run'
  /home/strata/.rvm/rubies/ruby-1.9.3-p125/lib/ruby/1.9.1/webrick/server.rb:191:in `block in start_thread'


  Rendered /home/strata/.rvm/gems/ruby-1.9.3-p125/gems/actionpack-4.0.0/lib/action_dispatch/middleware/templates/rescues/_trace.erb (1.3ms)
  Rendered /home/strata/.rvm/gems/ruby-1.9.3-p125/gems/actionpack-4.0.0/lib/action_dispatch/middleware/templates/routes/_route.html.erb (1.1ms)
  Rendered /home/strata/.rvm/gems/ruby-1.9.3-p125/gems/actionpack-4.0.0/lib/action_dispatch/middleware/templates/routes/_table.html.erb (1.6ms)
  Rendered /home/strata/.rvm/gems/ruby-1.9.3-p125/gems/actionpack-4.0.0/lib/action_dispatch/middleware/templates/rescues/routing_error.erb within rescues/layout (25.7ms)


Started GET "/StaticPages/home" for 127.0.0.1 at 2013-09-19 12:12:21 +0530

ActionController::RoutingError (No route matches [GET] "/StaticPages/home"):
  actionpack (4.0.0) lib/action_dispatch/middleware/debug_exceptions.rb:21:in `call'
  actionpack (4.0.0) lib/action_dispatch/middleware/show_exceptions.rb:30:in `call'
  railties (4.0.0) lib/rails/rack/logger.rb:38:in `call_app'
  railties (4.0.0) lib/rails/rack/logger.rb:21:in `block in call'
  activesupport (4.0.0) lib/active_support/tagged_logging.rb:67:in `block in tagged'
  activesupport (4.0.0) lib/active_support/tagged_logging.rb:25:in `tagged'
  activesupport (4.0.0) lib/active_support/tagged_logging.rb:67:in `tagged'
  railties (4.0.0) lib/rails/rack/logger.rb:21:in `call'
  actionpack (4.0.0) lib/action_dispatch/middleware/request_id.rb:21:in `call'
  rack (1.5.2) lib/rack/methodoverride.rb:21:in `call'
  rack (1.5.2) lib/rack/runtime.rb:17:in `call'
  activesupport (4.0.0) lib/active_support/cache/strategy/local_cache.rb:83:in `call'
  rack (1.5.2) lib/rack/lock.rb:17:in `call'
  actionpack (4.0.0) lib/action_dispatch/middleware/static.rb:64:in `call'
  railties (4.0.0) lib/rails/engine.rb:511:in `call'
  railties (4.0.0) lib/rails/application.rb:97:in `call'
  rack (1.5.2) lib/rack/lock.rb:17:in `call'
  rack (1.5.2) lib/rack/content_length.rb:14:in `call'
  rack (1.5.2) lib/rack/handler/webrick.rb:60:in `service'
  /home/strata/.rvm/rubies/ruby-1.9.3-p125/lib/ruby/1.9.1/webrick/httpserver.rb:138:in `service'
  /home/strata/.rvm/rubies/ruby-1.9.3-p125/lib/ruby/1.9.1/webrick/httpserver.rb:94:in `run'
  /home/strata/.rvm/rubies/ruby-1.9.3-p125/lib/ruby/1.9.1/webrick/server.rb:191:in `block in start_thread'


  Rendered /home/strata/.rvm/gems/ruby-1.9.3-p125/gems/actionpack-4.0.0/lib/action_dispatch/middleware/templates/rescues/_trace.erb (1.4ms)
  Rendered /home/strata/.rvm/gems/ruby-1.9.3-p125/gems/actionpack-4.0.0/lib/action_dispatch/middleware/templates/routes/_route.html.erb (1.0ms)
  Rendered /home/strata/.rvm/gems/ruby-1.9.3-p125/gems/actionpack-4.0.0/lib/action_dispatch/middleware/templates/routes/_table.html.erb (1.5ms)
  Rendered /home/strata/.rvm/gems/ruby-1.9.3-p125/gems/actionpack-4.0.0/lib/action_dispatch/middleware/templates/rescues/routing_error.erb within rescues/layout (23.0ms)


Started GET "/static_page" for 127.0.0.1 at 2013-09-19 12:12:57 +0530

ActionController::RoutingError (No route matches [GET] "/static_page"):
  actionpack (4.0.0) lib/action_dispatch/middleware/debug_exceptions.rb:21:in `call'
  actionpack (4.0.0) lib/action_dispatch/middleware/show_exceptions.rb:30:in `call'
  railties (4.0.0) lib/rails/rack/logger.rb:38:in `call_app'
  railties (4.0.0) lib/rails/rack/logger.rb:21:in `block in call'
  activesupport (4.0.0) lib/active_support/tagged_logging.rb:67:in `block in tagged'
  activesupport (4.0.0) lib/active_support/tagged_logging.rb:25:in `tagged'
  activesupport (4.0.0) lib/active_support/tagged_logging.rb:67:in `tagged'
  railties (4.0.0) lib/rails/rack/logger.rb:21:in `call'
  actionpack (4.0.0) lib/action_dispatch/middleware/request_id.rb:21:in `call'
  rack (1.5.2) lib/rack/methodoverride.rb:21:in `call'
  rack (1.5.2) lib/rack/runtime.rb:17:in `call'
  activesupport (4.0.0) lib/active_support/cache/strategy/local_cache.rb:83:in `call'
  rack (1.5.2) lib/rack/lock.rb:17:in `call'
  actionpack (4.0.0) lib/action_dispatch/middleware/static.rb:64:in `call'
  railties (4.0.0) lib/rails/engine.rb:511:in `call'
  railties (4.0.0) lib/rails/application.rb:97:in `call'
  rack (1.5.2) lib/rack/lock.rb:17:in `call'
  rack (1.5.2) lib/rack/content_length.rb:14:in `call'
  rack (1.5.2) lib/rack/handler/webrick.rb:60:in `service'
  /home/strata/.rvm/rubies/ruby-1.9.3-p125/lib/ruby/1.9.1/webrick/httpserver.rb:138:in `service'
  /home/strata/.rvm/rubies/ruby-1.9.3-p125/lib/ruby/1.9.1/webrick/httpserver.rb:94:in `run'
  /home/strata/.rvm/rubies/ruby-1.9.3-p125/lib/ruby/1.9.1/webrick/server.rb:191:in `block in start_thread'


  Rendered /home/strata/.rvm/gems/ruby-1.9.3-p125/gems/actionpack-4.0.0/lib/action_dispatch/middleware/templates/rescues/_trace.erb (1.3ms)
  Rendered /home/strata/.rvm/gems/ruby-1.9.3-p125/gems/actionpack-4.0.0/lib/action_dispatch/middleware/templates/routes/_route.html.erb (1.1ms)
  Rendered /home/strata/.rvm/gems/ruby-1.9.3-p125/gems/actionpack-4.0.0/lib/action_dispatch/middleware/templates/routes/_table.html.erb (1.5ms)
  Rendered /home/strata/.rvm/gems/ruby-1.9.3-p125/gems/actionpack-4.0.0/lib/action_dispatch/middleware/templates/rescues/routing_error.erb within rescues/layout (22.9ms)


Started GET "/static_page/home" for 127.0.0.1 at 2013-09-19 12:13:01 +0530

ActionController::RoutingError (No route matches [GET] "/static_page/home"):
  actionpack (4.0.0) lib/action_dispatch/middleware/debug_exceptions.rb:21:in `call'
  actionpack (4.0.0) lib/action_dispatch/middleware/show_exceptions.rb:30:in `call'
  railties (4.0.0) lib/rails/rack/logger.rb:38:in `call_app'
  railties (4.0.0) lib/rails/rack/logger.rb:21:in `block in call'
  activesupport (4.0.0) lib/active_support/tagged_logging.rb:67:in `block in tagged'
  activesupport (4.0.0) lib/active_support/tagged_logging.rb:25:in `tagged'
  activesupport (4.0.0) lib/active_support/tagged_logging.rb:67:in `tagged'
  railties (4.0.0) lib/rails/rack/logger.rb:21:in `call'
  actionpack (4.0.0) lib/action_dispatch/middleware/request_id.rb:21:in `call'
  rack (1.5.2) lib/rack/methodoverride.rb:21:in `call'
  rack (1.5.2) lib/rack/runtime.rb:17:in `call'
  activesupport (4.0.0) lib/active_support/cache/strategy/local_cache.rb:83:in `call'
  rack (1.5.2) lib/rack/lock.rb:17:in `call'
  actionpack (4.0.0) lib/action_dispatch/middleware/static.rb:64:in `call'
  railties (4.0.0) lib/rails/engine.rb:511:in `call'
  railties (4.0.0) lib/rails/application.rb:97:in `call'
  rack (1.5.2) lib/rack/lock.rb:17:in `call'
  rack (1.5.2) lib/rack/content_length.rb:14:in `call'
  rack (1.5.2) lib/rack/handler/webrick.rb:60:in `service'
  /home/strata/.rvm/rubies/ruby-1.9.3-p125/lib/ruby/1.9.1/webrick/httpserver.rb:138:in `service'
  /home/strata/.rvm/rubies/ruby-1.9.3-p125/lib/ruby/1.9.1/webrick/httpserver.rb:94:in `run'
  /home/strata/.rvm/rubies/ruby-1.9.3-p125/lib/ruby/1.9.1/webrick/server.rb:191:in `block in start_thread'


  Rendered /home/strata/.rvm/gems/ruby-1.9.3-p125/gems/actionpack-4.0.0/lib/action_dispatch/middleware/templates/rescues/_trace.erb (1.4ms)
  Rendered /home/strata/.rvm/gems/ruby-1.9.3-p125/gems/actionpack-4.0.0/lib/action_dispatch/middleware/templates/routes/_route.html.erb (1.0ms)
  Rendered /home/strata/.rvm/gems/ruby-1.9.3-p125/gems/actionpack-4.0.0/lib/action_dispatch/middleware/templates/routes/_table.html.erb (1.6ms)
  Rendered /home/strata/.rvm/gems/ruby-1.9.3-p125/gems/actionpack-4.0.0/lib/action_dispatch/middleware/templates/rescues/routing_error.erb within rescues/layout (23.3ms)


Started GET "/static_pages/home" for 127.0.0.1 at 2013-09-19 12:13:07 +0530
Processing by StaticPagesController#home as HTML
  Rendered static_pages/home.html.erb within layouts/application (0.8ms)
Completed 200 OK in 690ms (Views: 689.1ms | ActiveRecord: 0.0ms)


Started GET "/assets/application.css?body=1" for 127.0.0.1 at 2013-09-19 12:13:08 +0530


Started GET "/assets/static_pages.css?body=1" for 127.0.0.1 at 2013-09-19 12:13:08 +0530


Started GET "/assets/jquery_ujs.js?body=1" for 127.0.0.1 at 2013-09-19 12:13:08 +0530


Started GET "/assets/turbolinks.js?body=1" for 127.0.0.1 at 2013-09-19 12:13:08 +0530


Started GET "/assets/application.js?body=1" for 127.0.0.1 at 2013-09-19 12:13:08 +0530


Started GET "/assets/jquery.js?body=1" for 127.0.0.1 at 2013-09-19 12:13:08 +0530


Started GET "/assets/static_pages.js?body=1" for 127.0.0.1 at 2013-09-19 12:13:08 +0530


Started GET "/static_pages/help" for 127.0.0.1 at 2013-09-19 12:13:14 +0530
Processing by StaticPagesController#help as HTML
  Rendered static_pages/help.html.erb within layouts/application (0.5ms)
Completed 200 OK in 5ms (Views: 4.3ms | ActiveRecord: 0.0ms)


Started GET "/" for 127.0.0.1 at 2013-09-19 14:47:25 +0530
Processing by Rails::WelcomeController#index as HTML
  Rendered /home/strata/.rvm/gems/ruby-1.9.3-p125/gems/railties-4.0.0/lib/rails/templates/rails/welcome/index.html.erb (0.1ms)
Completed 200 OK in 3ms (Views: 2.2ms | ActiveRecord: 0.0ms)


Started GET "/static_pages/help" for 127.0.0.1 at 2013-09-19 14:49:29 +0530
Processing by StaticPagesController#help as HTML
  Rendered static_pages/help.html.erb within layouts/application (0.1ms)
Completed 200 OK in 4ms (Views: 3.6ms | ActiveRecord: 0.0ms)


Started GET "/assets/application.css?body=1" for 127.0.0.1 at 2013-09-19 14:49:29 +0530


Started GET "/assets/static_pages.css?body=1" for 127.0.0.1 at 2013-09-19 14:49:29 +0530


Started GET "/assets/jquery.js?body=1" for 127.0.0.1 at 2013-09-19 14:49:31 +0530


Started GET "/assets/jquery_ujs.js?body=1" for 127.0.0.1 at 2013-09-19 14:49:31 +0530


Started GET "/assets/turbolinks.js?body=1" for 127.0.0.1 at 2013-09-19 14:49:31 +0530


Started GET "/assets/static_pages.js?body=1" for 127.0.0.1 at 2013-09-19 14:49:31 +0530


Started GET "/assets/application.js?body=1" for 127.0.0.1 at 2013-09-19 14:49:31 +0530


Started GET "/static_pages/help" for 127.0.0.1 at 2013-09-19 16:20:17 +0530
Processing by StaticPagesController#help as HTML
  Rendered static_pages/help.html.erb within layouts/application (0.4ms)
Completed 200 OK in 5ms (Views: 4.3ms | ActiveRecord: 0.0ms)


Started GET "/assets/application.css?body=1" for 127.0.0.1 at 2013-09-19 16:20:17 +0530


Started GET "/assets/jquery_ujs.js?body=1" for 127.0.0.1 at 2013-09-19 16:20:17 +0530


Started GET "/assets/static_pages.css?body=1" for 127.0.0.1 at 2013-09-19 16:20:17 +0530


Started GET "/assets/jquery.js?body=1" for 127.0.0.1 at 2013-09-19 16:20:17 +0530


Started GET "/assets/turbolinks.js?body=1" for 127.0.0.1 at 2013-09-19 16:20:17 +0530


Started GET "/assets/static_pages.js?body=1" for 127.0.0.1 at 2013-09-19 16:20:17 +0530


Started GET "/assets/application.js?body=1" for 127.0.0.1 at 2013-09-19 16:20:17 +0530


Started GET "/static_pages/about" for 127.0.0.1 at 2013-09-19 16:20:24 +0530
Processing by StaticPagesController#about as HTML
  Rendered static_pages/about.html.erb within layouts/application (1.4ms)
Completed 200 OK in 6ms (Views: 5.1ms | ActiveRecord: 0.0ms)


Started GET "/assets/application.css?body=1" for 127.0.0.1 at 2013-09-19 16:20:24 +0530


Started GET "/assets/jquery.js?body=1" for 127.0.0.1 at 2013-09-19 16:20:24 +0530


Started GET "/assets/jquery_ujs.js?body=1" for 127.0.0.1 at 2013-09-19 16:20:24 +0530


Started GET "/assets/turbolinks.js?body=1" for 127.0.0.1 at 2013-09-19 16:20:24 +0530


Started GET "/assets/static_pages.css?body=1" for 127.0.0.1 at 2013-09-19 16:20:24 +0530


Started GET "/assets/static_pages.js?body=1" for 127.0.0.1 at 2013-09-19 16:20:24 +0530


Started GET "/assets/application.js?body=1" for 127.0.0.1 at 2013-09-19 16:20:24 +0530


Started GET "/static_pages/home" for 127.0.0.1 at 2013-09-19 16:20:31 +0530
Processing by StaticPagesController#home as HTML
  Rendered static_pages/home.html.erb within layouts/application (0.5ms)
Completed 200 OK in 6ms (Views: 5.1ms | ActiveRecord: 0.0ms)


Started GET "/assets/application.css?body=1" for 127.0.0.1 at 2013-09-19 16:20:31 +0530


Started GET "/assets/static_pages.css?body=1" for 127.0.0.1 at 2013-09-19 16:20:31 +0530


Started GET "/assets/jquery_ujs.js?body=1" for 127.0.0.1 at 2013-09-19 16:20:31 +0530


Started GET "/assets/jquery.js?body=1" for 127.0.0.1 at 2013-09-19 16:20:31 +0530


Started GET "/assets/application.js?body=1" for 127.0.0.1 at 2013-09-19 16:20:31 +0530


Started GET "/assets/turbolinks.js?body=1" for 127.0.0.1 at 2013-09-19 16:20:31 +0530


Started GET "/assets/static_pages.js?body=1" for 127.0.0.1 at 2013-09-19 16:20:31 +0530
